<?xml version="1.0" encoding="UTF-8"?>
<!-- Generated by org.testng.reporters.JUnitReportReporter -->
<testsuite hostname="DESKTOP-FL04P1D" failures="0" tests="2" name="test.test12" time="36.067" errors="0" timestamp="29 Nov 2022 15:17:38 GMT">
  <testcase classname="test.test12" name="FaceBookTitle" time="17.767"/>
  <testcase classname="test.test12" name="VerifyUrl" time="18.300"/>
</testsuite> <!-- test.test12 -->
